<?xml version="1.0" encoding="UTF-8"?>
<!-- Generated by org.testng.reporters.JUnitReportReporter -->
<testsuite hostname="DESKTOP-NJ97IE9" failures="0" tests="8" name="Demo.OrangeHRM" time="22.804" errors="0" timestamp="2024-03-29T16:49:42 IST" skipped="7">
  <testcase classname="Demo.OrangeHRM" name="ListEmployees" time="22.804"/>
  <system-out/>
  <testcase classname="Demo.OrangeHRM" name="deleteEmployee">
    <skipped/>
  </testcase> <!-- deleteEmployee -->
  <system-out/>
  <testcase classname="Demo.OrangeHRM" name="searchEmployeeNyName">
    <skipped/>
  </testcase> <!-- searchEmployeeNyName -->
  <system-out/>
  <testcase classname="Demo.OrangeHRM" name="doLoginWithInvalidCredential">
    <skipped/>
  </testcase> <!-- doLoginWithInvalidCredential -->
  <system-out/>
  <testcase classname="Demo.OrangeHRM" name="fileUpload">
    <skipped/>
  </testcase> <!-- fileUpload -->
  <system-out/>
  <testcase classname="Demo.OrangeHRM" name="addEmployee">
    <skipped/>
  </testcase> <!-- addEmployee -->
  <system-out/>
  <testcase classname="Demo.OrangeHRM" name="loginTestWithValidCredential">
    <skipped/>
  </testcase> <!-- loginTestWithValidCredential -->
  <system-out/>
  <testcase classname="Demo.OrangeHRM" name="searchEmployeeById">
    <skipped/>
  </testcase> <!-- searchEmployeeById -->
  <system-out/>
</testsuite> <!-- Demo.OrangeHRM -->
