<?xml version="1.0" encoding="UTF-8"?>
<!-- Generated by org.testng.reporters.JUnitReportReporter -->
<testsuite hostname="DESKTOP-NJ97IE9" failures="0" tests="2" name="Demo.OrangeHRM" time="4.334" errors="0" timestamp="2024-03-12T17:42:34 IST" skipped="0">
  <testcase classname="Demo.OrangeHRM" name="doLoginWithInvalidCredential" time="3.241"/>
  <system-out/>
  <testcase classname="Demo.OrangeHRM" name="loginTestWithValidCredential" time="1.093"/>
  <system-out/>
</testsuite> <!-- Demo.OrangeHRM -->
