<?xml version="1.0" encoding="UTF-8"?>
<!-- Generated by org.testng.reporters.JUnitReportReporter -->
<testsuite hostname="DESKTOP-NJ97IE9" failures="0" tests="4" name="Demo.OrangeHRM" time="31.800" errors="0" timestamp="2024-03-14T14:17:48 IST" skipped="0">
  <testcase classname="Demo.OrangeHRM" name="doLoginWithInvalidCredential" time="3.559"/>
  <system-out/>
  <testcase classname="Demo.OrangeHRM" name="loginTestWithValidCredential" time="3.328"/>
  <system-out/>
  <testcase classname="Demo.OrangeHRM" name="addEmployee" time="13.703"/>
  <system-out/>
  <testcase classname="Demo.OrangeHRM" name="searchEmployeeNyName" time="11.210"/>
  <system-out/>
</testsuite> <!-- Demo.OrangeHRM -->
