<?xml version="1.0" encoding="UTF-8"?>
<!-- Generated by org.testng.reporters.JUnitReportReporter -->
<testsuite hostname="DESKTOP-NJ97IE9" failures="0" tests="3" name="Demo.OrangeHRM" time="15.402" errors="0" timestamp="2024-03-13T14:51:34 IST" skipped="0">
  <testcase classname="Demo.OrangeHRM" name="doLoginWithInvalidCredential" time="3.499"/>
  <system-out/>
  <testcase classname="Demo.OrangeHRM" name="loginTestWithValidCredential" time="1.181"/>
  <system-out/>
  <testcase classname="Demo.OrangeHRM" name="addEmployee" time="10.722"/>
  <system-out/>
</testsuite> <!-- Demo.OrangeHRM -->
