<?xml version="1.0" encoding="UTF-8"?>
<!-- Generated by org.testng.reporters.JUnitReportReporter -->
<testsuite hostname="DESKTOP-NJ97IE9" failures="0" tests="6" name="Demo.OrangeHRM" time="23.947" errors="0" timestamp="2024-03-21T21:49:13 IST" skipped="5">
  <testcase classname="Demo.OrangeHRM" name="fileUpload" time="23.947"/>
  <system-out/>
  <testcase classname="Demo.OrangeHRM" name="searchEmployeeNyName">
    <skipped/>
  </testcase> <!-- searchEmployeeNyName -->
  <system-out/>
  <testcase classname="Demo.OrangeHRM" name="doLoginWithInvalidCredential">
    <skipped/>
  </testcase> <!-- doLoginWithInvalidCredential -->
  <system-out/>
  <testcase classname="Demo.OrangeHRM" name="loginTestWithValidCredential">
    <skipped/>
  </testcase> <!-- loginTestWithValidCredential -->
  <system-out/>
  <testcase classname="Demo.OrangeHRM" name="addEmployee">
    <skipped/>
  </testcase> <!-- addEmployee -->
  <system-out/>
  <testcase classname="Demo.OrangeHRM" name="searchEmployeeById">
    <skipped/>
  </testcase> <!-- searchEmployeeById -->
  <system-out/>
</testsuite> <!-- Demo.OrangeHRM -->
