<?xml version="1.0" encoding="UTF-8"?>
<!-- Generated by org.testng.reporters.JUnitReportReporter -->
<testsuite hostname="DESKTOP-NJ97IE9" failures="0" tests="5" name="Demo.OrangeHRM" time="9.937" errors="0" timestamp="2024-03-15T16:01:04 IST" skipped="4">
  <testcase classname="Demo.OrangeHRM" name="searchEmployeeById" time="9.937"/>
  <system-out/>
  <testcase classname="Demo.OrangeHRM" name="searchEmployeeNyName">
    <skipped/>
  </testcase> <!-- searchEmployeeNyName -->
  <system-out/>
  <testcase classname="Demo.OrangeHRM" name="addEmployee">
    <skipped/>
  </testcase> <!-- addEmployee -->
  <system-out/>
  <testcase classname="Demo.OrangeHRM" name="loginTestWithValidCredential">
    <skipped/>
  </testcase> <!-- loginTestWithValidCredential -->
  <system-out/>
  <testcase classname="Demo.OrangeHRM" name="doLoginWithInvalidCredential">
    <skipped/>
  </testcase> <!-- doLoginWithInvalidCredential -->
  <system-out/>
</testsuite> <!-- Demo.OrangeHRM -->
