<?xml version="1.0" encoding="UTF-8"?>
<!-- Generated by org.testng.reporters.JUnitReportReporter -->
<testsuite hostname="Priyanshu" failures="0" tests="1" name="SeleniumPractice.SeleniumPractice.AppTest" time="0.010" errors="0" timestamp="2024-04-03T09:31:21 IST" skipped="0">
  <testcase classname="SeleniumPractice.SeleniumPractice.AppTest" name="testApp" time="0.010"/>
  <system-out/>
</testsuite> <!-- SeleniumPractice.SeleniumPractice.AppTest -->
